<?xml version="1.0" encoding="UTF-8"?>
<testsuite xmlns:xsi="http://www.w3.org/2001/XMLSchema-instance" xsi:noNamespaceSchemaLocation="https://maven.apache.org/surefire/maven-surefire-plugin/xsd/surefire-test-report-3.0.xsd" version="3.0" name="io.quarkiverse.jsonrpc.deployment.JsonRpcDevModeTest" time="4.028" tests="1" errors="0" skipped="0" failures="0">
  <properties>
[...]
</properties>
  <testcase name="writeYourOwnDevModeTest" classname="io.quarkiverse.jsonrpc.deployment.JsonRpcDevModeTest" time="4.002">
    <system-out><![CDATA[&amp#27;[94mTests paused&amp#27;[39m
2024-07-16 12:14:49,361 WARN  [io.qua.boo.BootstrapAppModelFactory] (main) Expected project directory /tmp/quarkus-dev-mode-test5517544794389582463 does not match current project directory /home/pkruger/Projects/quarkiverse.io/quarkus-json-rpc/deployment
__  ____  __  _____   ___  __ ____  ______ 
 --/ __ \/ / / / _ | / _ \/ //_/ / / / __/ 
 -/ /_/ / /_/ / __ |/ , _/ ,< / /_/ /\ \   
--\___\_\____/_/ |_/_/|_/_/|_|\____/___/   
2024-07-16 12:14:53,173 INFO  [io.quarkus] (Quarkus Main Thread) quarkus-json-rpc-deployment 999-SNAPSHOT on JVM (powered by Quarkus 3.11.1) started in 2.043s. Listening on: http://localhost:8080
2024-07-16 12:14:53,175 INFO  [io.quarkus] (Quarkus Main Thread) Profile dev activated. Live Coding activated.
2024-07-16 12:14:53,175 INFO  [io.quarkus] (Quarkus Main Thread) Installed features: [cdi, json-rpc, smallrye-context-propagation, vertx]
2024-07-16 12:14:53,193 INFO  [io.quarkus] (Quarkus Main Thread) quarkus-json-rpc-deployment stopped in 0.005s
]]></system-out>
  </testcase>
</testsuite>